Sweep: mlp-100-sweeps
============================================================

Rank 1: val_acc 0.9825
{
    "loss": "cross_entropy",
    "epochs": 15,
    "dataset": "mnist",
    "optimizer": "nag",
    "activation": "sigmoid",
    "batch_size": 16,
    "num_layers": 1,
    "hidden_size": 128,
    "weight_init": "xavier",
    "weight_decay": 0,
    "learning_rate": 0.1,
    "wandb_project": "mlp-100-sweeps"
}

Rank 2: val_acc 0.9822
{
    "loss": "cross_entropy",
    "epochs": 15,
    "dataset": "mnist",
    "optimizer": "nag",
    "activation": "tanh",
    "batch_size": 64,
    "num_layers": 1,
    "hidden_size": 128,
    "weight_init": "xavier",
    "weight_decay": 0,
    "learning_rate": 0.1,
    "wandb_project": "mlp-100-sweeps"
}

Rank 3: val_acc 0.9818
{
    "loss": "mse",
    "epochs": 20,
    "dataset": "mnist",
    "optimizer": "nag",
    "activation": "relu",
    "batch_size": 16,
    "num_layers": 2,
    "hidden_size": 128,
    "weight_init": "xavier",
    "weight_decay": 0,
    "learning_rate": 0.01,
    "wandb_project": "mlp-100-sweeps"
}

Rank 4: val_acc 0.9817
{
    "loss": "cross_entropy",
    "epochs": 20,
    "dataset": "mnist",
    "optimizer": "sgd",
    "activation": "tanh",
    "batch_size": 32,
    "num_layers": 3,
    "hidden_size": 128,
    "weight_init": "xavier",
    "weight_decay": 0,
    "learning_rate": 0.1,
    "wandb_project": "mlp-100-sweeps"
}

Rank 5: val_acc 0.9815
{
    "loss": "cross_entropy",
    "epochs": 20,
    "dataset": "mnist",
    "optimizer": "rmsprop",
    "activation": "tanh",
    "batch_size": 64,
    "num_layers": 1,
    "hidden_size": 128,
    "weight_init": "xavier",
    "weight_decay": 0,
    "learning_rate": 0.001,
    "wandb_project": "mlp-100-sweeps"
}

Rank 6: val_acc 0.9813
{
    "loss": "cross_entropy",
    "epochs": 20,
    "dataset": "mnist",
    "optimizer": "nag",
    "activation": "relu",
    "batch_size": 16,
    "num_layers": 1,
    "hidden_size": 128,
    "weight_init": "xavier",
    "weight_decay": 0,
    "learning_rate": 0.01,
    "wandb_project": "mlp-100-sweeps"
}

Rank 7: val_acc 0.9808
{
    "loss": "cross_entropy",
    "epochs": 15,
    "dataset": "mnist",
    "optimizer": "sgd",
    "activation": "relu",
    "batch_size": 64,
    "num_layers": 2,
    "hidden_size": 128,
    "weight_init": "xavier",
    "weight_decay": 0,
    "learning_rate": 0.1,
    "wandb_project": "mlp-100-sweeps"
}

Rank 8: val_acc 0.9808
{
    "loss": "cross_entropy",
    "epochs": 20,
    "dataset": "mnist",
    "optimizer": "rmsprop",
    "activation": "relu",
    "batch_size": 32,
    "num_layers": 1,
    "hidden_size": 128,
    "weight_init": "xavier",
    "weight_decay": 0,
    "learning_rate": 0.001,
    "wandb_project": "mlp-100-sweeps"
}

Rank 9: val_acc 0.9808
{
    "loss": "cross_entropy",
    "epochs": 20,
    "dataset": "mnist",
    "optimizer": "rmsprop",
    "activation": "tanh",
    "batch_size": 16,
    "num_layers": 2,
    "hidden_size": 128,
    "weight_init": "xavier",
    "weight_decay": 0,
    "learning_rate": 0.001,
    "wandb_project": "mlp-100-sweeps"
}

Rank 10: val_acc 0.9807
{
    "loss": "cross_entropy",
    "epochs": 15,
    "dataset": "mnist",
    "optimizer": "momentum",
    "activation": "relu",
    "batch_size": 32,
    "num_layers": 1,
    "hidden_size": 128,
    "weight_init": "xavier",
    "weight_decay": 0,
    "learning_rate": 0.01,
    "wandb_project": "mlp-100-sweeps"
}

Rank 11: val_acc 0.9793
{
    "loss": "cross_entropy",
    "epochs": 20,
    "dataset": "mnist",
    "optimizer": "momentum",
    "activation": "relu",
    "batch_size": 32,
    "num_layers": 1,
    "hidden_size": 64,
    "weight_init": "xavier",
    "weight_decay": 0,
    "learning_rate": 0.01,
    "wandb_project": "mlp-100-sweeps"
}

Rank 12: val_acc 0.9793
{
    "loss": "cross_entropy",
    "epochs": 20,
    "dataset": "mnist",
    "optimizer": "rmsprop",
    "activation": "tanh",
    "batch_size": 16,
    "num_layers": 2,
    "hidden_size": 128,
    "weight_init": "random",
    "weight_decay": 0,
    "learning_rate": 0.001,
    "wandb_project": "mlp-100-sweeps"
}

Rank 13: val_acc 0.9780
{
    "loss": "mse",
    "epochs": 20,
    "dataset": "mnist",
    "optimizer": "sgd",
    "activation": "relu",
    "batch_size": 64,
    "num_layers": 3,
    "hidden_size": 128,
    "weight_init": "xavier",
    "weight_decay": 0,
    "learning_rate": 0.1,
    "wandb_project": "mlp-100-sweeps"
}

Rank 14: val_acc 0.9778
{
    "loss": "cross_entropy",
    "epochs": 15,
    "dataset": "mnist",
    "optimizer": "rmsprop",
    "activation": "sigmoid",
    "batch_size": 32,
    "num_layers": 1,
    "hidden_size": 128,
    "weight_init": "xavier",
    "weight_decay": 0,
    "learning_rate": 0.001,
    "wandb_project": "mlp-100-sweeps"
}

Rank 15: val_acc 0.9777
{
    "loss": "mse",
    "epochs": 25,
    "dataset": "mnist",
    "optimizer": "momentum",
    "activation": "relu",
    "batch_size": 64,
    "num_layers": 2,
    "hidden_size": 128,
    "weight_init": "xavier",
    "weight_decay": 0,
    "learning_rate": 0.01,
    "wandb_project": "mlp-100-sweeps"
}

Rank 16: val_acc 0.9773
{
    "loss": "cross_entropy",
    "epochs": 15,
    "dataset": "mnist",
    "optimizer": "rmsprop",
    "activation": "tanh",
    "batch_size": 16,
    "num_layers": 1,
    "hidden_size": 128,
    "weight_init": "random",
    "weight_decay": 0,
    "learning_rate": 0.001,
    "wandb_project": "mlp-100-sweeps"
}

Rank 17: val_acc 0.9770
{
    "loss": "mse",
    "epochs": 15,
    "dataset": "mnist",
    "optimizer": "momentum",
    "activation": "tanh",
    "batch_size": 16,
    "num_layers": 1,
    "hidden_size": 128,
    "weight_init": "xavier",
    "weight_decay": 0,
    "learning_rate": 0.01,
    "wandb_project": "mlp-100-sweeps"
}

Rank 18: val_acc 0.9770
{
    "loss": "cross_entropy",
    "epochs": 20,
    "dataset": "mnist",
    "optimizer": "nag",
    "activation": "tanh",
    "batch_size": 64,
    "num_layers": 2,
    "hidden_size": 64,
    "weight_init": "xavier",
    "weight_decay": 0,
    "learning_rate": 0.01,
    "wandb_project": "mlp-100-sweeps"
}

Rank 19: val_acc 0.9765
{
    "loss": "cross_entropy",
    "epochs": 15,
    "dataset": "mnist",
    "optimizer": "momentum",
    "activation": "relu",
    "batch_size": 16,
    "num_layers": 2,
    "hidden_size": 128,
    "weight_init": "xavier",
    "weight_decay": 0,
    "learning_rate": 0.001,
    "wandb_project": "mlp-100-sweeps"
}

Rank 20: val_acc 0.9753
{
    "loss": "mse",
    "epochs": 15,
    "dataset": "mnist",
    "optimizer": "nag",
    "activation": "relu",
    "batch_size": 32,
    "num_layers": 1,
    "hidden_size": 128,
    "weight_init": "xavier",
    "weight_decay": 0,
    "learning_rate": 0.01,
    "wandb_project": "mlp-100-sweeps"
}

Rank 21: val_acc 0.9753
{
    "loss": "mse",
    "epochs": 15,
    "dataset": "mnist",
    "optimizer": "momentum",
    "activation": "relu",
    "batch_size": 32,
    "num_layers": 1,
    "hidden_size": 128,
    "weight_init": "xavier",
    "weight_decay": 0,
    "learning_rate": 0.01,
    "wandb_project": "mlp-100-sweeps"
}

Rank 22: val_acc 0.9738
{
    "loss": "mse",
    "epochs": 20,
    "dataset": "mnist",
    "optimizer": "sgd",
    "activation": "tanh",
    "batch_size": 32,
    "num_layers": 1,
    "hidden_size": 128,
    "weight_init": "xavier",
    "weight_decay": 0,
    "learning_rate": 0.1,
    "wandb_project": "mlp-100-sweeps"
}

Rank 23: val_acc 0.9735
{
    "loss": "mse",
    "epochs": 20,
    "dataset": "mnist",
    "optimizer": "momentum",
    "activation": "relu",
    "batch_size": 64,
    "num_layers": 2,
    "hidden_size": 64,
    "weight_init": "xavier",
    "weight_decay": 0,
    "learning_rate": 0.01,
    "wandb_project": "mlp-100-sweeps"
}

Rank 24: val_acc 0.9730
{
    "loss": "cross_entropy",
    "epochs": 20,
    "dataset": "mnist",
    "optimizer": "nag",
    "activation": "relu",
    "batch_size": 16,
    "num_layers": 1,
    "hidden_size": 128,
    "weight_init": "xavier",
    "weight_decay": 0,
    "learning_rate": 0.001,
    "wandb_project": "mlp-100-sweeps"
}

Rank 25: val_acc 0.9725
{
    "loss": "mse",
    "epochs": 15,
    "dataset": "mnist",
    "optimizer": "momentum",
    "activation": "sigmoid",
    "batch_size": 32,
    "num_layers": 3,
    "hidden_size": 128,
    "weight_init": "xavier",
    "weight_decay": 0,
    "learning_rate": 0.1,
    "wandb_project": "mlp-100-sweeps"
}

Rank 26: val_acc 0.9717
{
    "loss": "mse",
    "epochs": 15,
    "dataset": "mnist",
    "optimizer": "nag",
    "activation": "tanh",
    "batch_size": 32,
    "num_layers": 1,
    "hidden_size": 128,
    "weight_init": "xavier",
    "weight_decay": 0,
    "learning_rate": 0.01,
    "wandb_project": "mlp-100-sweeps"
}

Rank 27: val_acc 0.9690
{
    "loss": "mse",
    "epochs": 15,
    "dataset": "mnist",
    "optimizer": "nag",
    "activation": "tanh",
    "batch_size": 64,
    "num_layers": 2,
    "hidden_size": 64,
    "weight_init": "xavier",
    "weight_decay": 0,
    "learning_rate": 0.01,
    "wandb_project": "mlp-100-sweeps"
}

Rank 28: val_acc 0.9687
{
    "loss": "cross_entropy",
    "epochs": 20,
    "dataset": "mnist",
    "optimizer": "momentum",
    "activation": "relu",
    "batch_size": 16,
    "num_layers": 3,
    "hidden_size": 128,
    "weight_init": "random",
    "weight_decay": 0,
    "learning_rate": 0.001,
    "wandb_project": "mlp-100-sweeps"
}

Rank 29: val_acc 0.9670
{
    "loss": "mse",
    "epochs": 20,
    "dataset": "mnist",
    "optimizer": "nag",
    "activation": "tanh",
    "batch_size": 64,
    "num_layers": 1,
    "hidden_size": 128,
    "weight_init": "xavier",
    "weight_decay": 0,
    "learning_rate": 0.01,
    "wandb_project": "mlp-100-sweeps"
}

Rank 30: val_acc 0.9620
{
    "loss": "cross_entropy",
    "epochs": 20,
    "dataset": "mnist",
    "optimizer": "rmsprop",
    "activation": "tanh",
    "batch_size": 32,
    "num_layers": 2,
    "hidden_size": 128,
    "weight_init": "xavier",
    "weight_decay": 0,
    "learning_rate": 0.01,
    "wandb_project": "mlp-100-sweeps"
}

Rank 31: val_acc 0.9552
{
    "loss": "cross_entropy",
    "epochs": 20,
    "dataset": "mnist",
    "optimizer": "sgd",
    "activation": "relu",
    "batch_size": 64,
    "num_layers": 2,
    "hidden_size": 128,
    "weight_init": "xavier",
    "weight_decay": 0,
    "learning_rate": 0.01,
    "wandb_project": "mlp-100-sweeps"
}

Rank 32: val_acc 0.9528
{
    "loss": "cross_entropy",
    "epochs": 15,
    "dataset": "mnist",
    "optimizer": "nag",
    "activation": "relu",
    "batch_size": 32,
    "num_layers": 1,
    "hidden_size": 64,
    "weight_init": "xavier",
    "weight_decay": 0,
    "learning_rate": 0.001,
    "wandb_project": "mlp-100-sweeps"
}

Rank 33: val_acc 0.9527
{
    "loss": "cross_entropy",
    "epochs": 15,
    "dataset": "mnist",
    "optimizer": "sgd",
    "activation": "sigmoid",
    "batch_size": 64,
    "num_layers": 1,
    "hidden_size": 128,
    "weight_init": "xavier",
    "weight_decay": 0,
    "learning_rate": 0.1,
    "wandb_project": "mlp-100-sweeps"
}

Rank 34: val_acc 0.9518
{
    "loss": "cross_entropy",
    "epochs": 15,
    "dataset": "mnist",
    "optimizer": "momentum",
    "activation": "sigmoid",
    "batch_size": 64,
    "num_layers": 1,
    "hidden_size": 128,
    "weight_init": "xavier",
    "weight_decay": 0,
    "learning_rate": 0.01,
    "wandb_project": "mlp-100-sweeps"
}

Rank 35: val_acc 0.9487
{
    "loss": "cross_entropy",
    "epochs": 20,
    "dataset": "mnist",
    "optimizer": "rmsprop",
    "activation": "sigmoid",
    "batch_size": 32,
    "num_layers": 1,
    "hidden_size": 64,
    "weight_init": "xavier",
    "weight_decay": 0,
    "learning_rate": 0.1,
    "wandb_project": "mlp-100-sweeps"
}

Rank 36: val_acc 0.9397
{
    "loss": "cross_entropy",
    "epochs": 25,
    "dataset": "mnist",
    "optimizer": "momentum",
    "activation": "relu",
    "batch_size": 32,
    "num_layers": 1,
    "hidden_size": 128,
    "weight_init": "xavier",
    "weight_decay": 0.01,
    "learning_rate": 0.01,
    "wandb_project": "mlp-100-sweeps"
}

Rank 37: val_acc 0.9368
{
    "loss": "cross_entropy",
    "epochs": 20,
    "dataset": "mnist",
    "optimizer": "rmsprop",
    "activation": "relu",
    "batch_size": 16,
    "num_layers": 2,
    "hidden_size": 128,
    "weight_init": "xavier",
    "weight_decay": 0.01,
    "learning_rate": 0.001,
    "wandb_project": "mlp-100-sweeps"
}

Rank 38: val_acc 0.9347
{
    "loss": "cross_entropy",
    "epochs": 25,
    "dataset": "mnist",
    "optimizer": "rmsprop",
    "activation": "tanh",
    "batch_size": 32,
    "num_layers": 1,
    "hidden_size": 128,
    "weight_init": "xavier",
    "weight_decay": 0,
    "learning_rate": 0.1,
    "wandb_project": "mlp-100-sweeps"
}

Rank 39: val_acc 0.9340
{
    "loss": "cross_entropy",
    "epochs": 15,
    "dataset": "mnist",
    "optimizer": "nag",
    "activation": "relu",
    "batch_size": 16,
    "num_layers": 1,
    "hidden_size": 128,
    "weight_init": "xavier",
    "weight_decay": 0.01,
    "learning_rate": 0.001,
    "wandb_project": "mlp-100-sweeps"
}

Rank 40: val_acc 0.9338
{
    "loss": "mse",
    "epochs": 15,
    "dataset": "mnist",
    "optimizer": "nag",
    "activation": "relu",
    "batch_size": 32,
    "num_layers": 1,
    "hidden_size": 128,
    "weight_init": "xavier",
    "weight_decay": 0,
    "learning_rate": 0.001,
    "wandb_project": "mlp-100-sweeps"
}

Rank 41: val_acc 0.9292
{
    "loss": "cross_entropy",
    "epochs": 15,
    "dataset": "mnist",
    "optimizer": "momentum",
    "activation": "sigmoid",
    "batch_size": 16,
    "num_layers": 1,
    "hidden_size": 128,
    "weight_init": "xavier",
    "weight_decay": 0,
    "learning_rate": 0.001,
    "wandb_project": "mlp-100-sweeps"
}

Rank 42: val_acc 0.9242
{
    "loss": "mse",
    "epochs": 20,
    "dataset": "mnist",
    "optimizer": "momentum",
    "activation": "relu",
    "batch_size": 64,
    "num_layers": 1,
    "hidden_size": 128,
    "weight_init": "xavier",
    "weight_decay": 0,
    "learning_rate": 0.001,
    "wandb_project": "mlp-100-sweeps"
}

Rank 43: val_acc 0.9230
{
    "loss": "cross_entropy",
    "epochs": 15,
    "dataset": "mnist",
    "optimizer": "momentum",
    "activation": "tanh",
    "batch_size": 32,
    "num_layers": 3,
    "hidden_size": 128,
    "weight_init": "xavier",
    "weight_decay": 0,
    "learning_rate": 0.1,
    "wandb_project": "mlp-100-sweeps"
}

Rank 44: val_acc 0.9227
{
    "loss": "cross_entropy",
    "epochs": 15,
    "dataset": "mnist",
    "optimizer": "nag",
    "activation": "relu",
    "batch_size": 32,
    "num_layers": 3,
    "hidden_size": 128,
    "weight_init": "xavier",
    "weight_decay": 0.02,
    "learning_rate": 0.001,
    "wandb_project": "mlp-100-sweeps"
}

Rank 45: val_acc 0.9165
{
    "loss": "mse",
    "epochs": 25,
    "dataset": "mnist",
    "optimizer": "momentum",
    "activation": "relu",
    "batch_size": 16,
    "num_layers": 1,
    "hidden_size": 128,
    "weight_init": "xavier",
    "weight_decay": 0.01,
    "learning_rate": 0.01,
    "wandb_project": "mlp-100-sweeps"
}

Rank 46: val_acc 0.9155
{
    "loss": "cross_entropy",
    "epochs": 25,
    "dataset": "mnist",
    "optimizer": "rmsprop",
    "activation": "tanh",
    "batch_size": 16,
    "num_layers": 1,
    "hidden_size": 128,
    "weight_init": "xavier",
    "weight_decay": 0.01,
    "learning_rate": 0.001,
    "wandb_project": "mlp-100-sweeps"
}

Rank 47: val_acc 0.9122
{
    "loss": "cross_entropy",
    "epochs": 20,
    "dataset": "mnist",
    "optimizer": "nag",
    "activation": "relu",
    "batch_size": 64,
    "num_layers": 4,
    "hidden_size": 64,
    "weight_init": "xavier",
    "weight_decay": 0.02,
    "learning_rate": 0.01,
    "wandb_project": "mlp-100-sweeps"
}

Rank 48: val_acc 0.9105
{
    "loss": "cross_entropy",
    "epochs": 15,
    "dataset": "mnist",
    "optimizer": "sgd",
    "activation": "tanh",
    "batch_size": 16,
    "num_layers": 1,
    "hidden_size": 128,
    "weight_init": "xavier",
    "weight_decay": 0,
    "learning_rate": 0.001,
    "wandb_project": "mlp-100-sweeps"
}

Rank 49: val_acc 0.9080
{
    "loss": "mse",
    "epochs": 20,
    "dataset": "mnist",
    "optimizer": "momentum",
    "activation": "tanh",
    "batch_size": 64,
    "num_layers": 1,
    "hidden_size": 128,
    "weight_init": "xavier",
    "weight_decay": 0.01,
    "learning_rate": 0.01,
    "wandb_project": "mlp-100-sweeps"
}

Rank 50: val_acc 0.9057
{
    "loss": "mse",
    "epochs": 15,
    "dataset": "mnist",
    "optimizer": "nag",
    "activation": "tanh",
    "batch_size": 32,
    "num_layers": 1,
    "hidden_size": 128,
    "weight_init": "xavier",
    "weight_decay": 0.01,
    "learning_rate": 0.01,
    "wandb_project": "mlp-100-sweeps"
}

Rank 51: val_acc 0.9043
{
    "loss": "cross_entropy",
    "epochs": 20,
    "dataset": "mnist",
    "optimizer": "nag",
    "activation": "tanh",
    "batch_size": 64,
    "num_layers": 1,
    "hidden_size": 128,
    "weight_init": "xavier",
    "weight_decay": 0.02,
    "learning_rate": 0.01,
    "wandb_project": "mlp-100-sweeps"
}

Rank 52: val_acc 0.9038
{
    "loss": "cross_entropy",
    "epochs": 15,
    "dataset": "mnist",
    "optimizer": "sgd",
    "activation": "relu",
    "batch_size": 16,
    "num_layers": 1,
    "hidden_size": 128,
    "weight_init": "xavier",
    "weight_decay": 0.03,
    "learning_rate": 0.01,
    "wandb_project": "mlp-100-sweeps"
}

Rank 53: val_acc 0.8982
{
    "loss": "cross_entropy",
    "epochs": 25,
    "dataset": "mnist",
    "optimizer": "nag",
    "activation": "tanh",
    "batch_size": 16,
    "num_layers": 1,
    "hidden_size": 128,
    "weight_init": "xavier",
    "weight_decay": 0.02,
    "learning_rate": 0.01,
    "wandb_project": "mlp-100-sweeps"
}

Rank 54: val_acc 0.8972
{
    "loss": "cross_entropy",
    "epochs": 20,
    "dataset": "mnist",
    "optimizer": "nag",
    "activation": "relu",
    "batch_size": 64,
    "num_layers": 1,
    "hidden_size": 128,
    "weight_init": "xavier",
    "weight_decay": 0.02,
    "learning_rate": 0.1,
    "wandb_project": "mlp-100-sweeps"
}

Rank 55: val_acc 0.8920
{
    "loss": "cross_entropy",
    "epochs": 20,
    "dataset": "mnist",
    "optimizer": "rmsprop",
    "activation": "relu",
    "batch_size": 32,
    "num_layers": 1,
    "hidden_size": 128,
    "weight_init": "xavier",
    "weight_decay": 0.01,
    "learning_rate": 0.01,
    "wandb_project": "mlp-100-sweeps"
}

Rank 56: val_acc 0.8907
{
    "loss": "cross_entropy",
    "epochs": 15,
    "dataset": "mnist",
    "optimizer": "rmsprop",
    "activation": "sigmoid",
    "batch_size": 64,
    "num_layers": 1,
    "hidden_size": 32,
    "weight_init": "xavier",
    "weight_decay": 0.01,
    "learning_rate": 0.001,
    "wandb_project": "mlp-100-sweeps"
}

Rank 57: val_acc 0.8862
{
    "loss": "mse",
    "epochs": 15,
    "dataset": "mnist",
    "optimizer": "momentum",
    "activation": "tanh",
    "batch_size": 16,
    "num_layers": 2,
    "hidden_size": 128,
    "weight_init": "xavier",
    "weight_decay": 0.02,
    "learning_rate": 0.001,
    "wandb_project": "mlp-100-sweeps"
}

Rank 58: val_acc 0.8817
{
    "loss": "cross_entropy",
    "epochs": 15,
    "dataset": "mnist",
    "optimizer": "nag",
    "activation": "sigmoid",
    "batch_size": 64,
    "num_layers": 1,
    "hidden_size": 128,
    "weight_init": "xavier",
    "weight_decay": 0.01,
    "learning_rate": 0.1,
    "wandb_project": "mlp-100-sweeps"
}

Rank 59: val_acc 0.8790
{
    "loss": "cross_entropy",
    "epochs": 15,
    "dataset": "mnist",
    "optimizer": "rmsprop",
    "activation": "relu",
    "batch_size": 64,
    "num_layers": 2,
    "hidden_size": 128,
    "weight_init": "xavier",
    "weight_decay": 0.02,
    "learning_rate": 0.01,
    "wandb_project": "mlp-100-sweeps"
}

Rank 60: val_acc 0.8753
{
    "loss": "cross_entropy",
    "epochs": 15,
    "dataset": "mnist",
    "optimizer": "rmsprop",
    "activation": "relu",
    "batch_size": 32,
    "num_layers": 2,
    "hidden_size": 64,
    "weight_init": "xavier",
    "weight_decay": 0.02,
    "learning_rate": 0.01,
    "wandb_project": "mlp-100-sweeps"
}

Rank 61: val_acc 0.8738
{
    "loss": "cross_entropy",
    "epochs": 20,
    "dataset": "mnist",
    "optimizer": "rmsprop",
    "activation": "tanh",
    "batch_size": 32,
    "num_layers": 2,
    "hidden_size": 128,
    "weight_init": "xavier",
    "weight_decay": 0.01,
    "learning_rate": 0.01,
    "wandb_project": "mlp-100-sweeps"
}

Rank 62: val_acc 0.8685
{
    "loss": "mse",
    "epochs": 20,
    "dataset": "mnist",
    "optimizer": "rmsprop",
    "activation": "tanh",
    "batch_size": 16,
    "num_layers": 2,
    "hidden_size": 128,
    "weight_init": "xavier",
    "weight_decay": 0.02,
    "learning_rate": 0.001,
    "wandb_project": "mlp-100-sweeps"
}

Rank 63: val_acc 0.8637
{
    "loss": "cross_entropy",
    "epochs": 15,
    "dataset": "mnist",
    "optimizer": "momentum",
    "activation": "sigmoid",
    "batch_size": 16,
    "num_layers": 1,
    "hidden_size": 128,
    "weight_init": "random",
    "weight_decay": 0.01,
    "learning_rate": 0.1,
    "wandb_project": "mlp-100-sweeps"
}

Rank 64: val_acc 0.8630
{
    "loss": "cross_entropy",
    "epochs": 25,
    "dataset": "mnist",
    "optimizer": "nag",
    "activation": "sigmoid",
    "batch_size": 16,
    "num_layers": 1,
    "hidden_size": 128,
    "weight_init": "xavier",
    "weight_decay": 0.02,
    "learning_rate": 0.01,
    "wandb_project": "mlp-100-sweeps"
}

Rank 65: val_acc 0.8590
{
    "loss": "cross_entropy",
    "epochs": 25,
    "dataset": "mnist",
    "optimizer": "rmsprop",
    "activation": "tanh",
    "batch_size": 32,
    "num_layers": 1,
    "hidden_size": 128,
    "weight_init": "xavier",
    "weight_decay": 0.03,
    "learning_rate": 0.01,
    "wandb_project": "mlp-100-sweeps"
}

Rank 66: val_acc 0.8435
{
    "loss": "cross_entropy",
    "epochs": 20,
    "dataset": "mnist",
    "optimizer": "nag",
    "activation": "tanh",
    "batch_size": 32,
    "num_layers": 1,
    "hidden_size": 128,
    "weight_init": "xavier",
    "weight_decay": 0.04,
    "learning_rate": 0.1,
    "wandb_project": "mlp-100-sweeps"
}

Rank 67: val_acc 0.8362
{
    "loss": "cross_entropy",
    "epochs": 15,
    "dataset": "mnist",
    "optimizer": "nag",
    "activation": "tanh",
    "batch_size": 16,
    "num_layers": 1,
    "hidden_size": 128,
    "weight_init": "xavier",
    "weight_decay": 0.02,
    "learning_rate": 0.1,
    "wandb_project": "mlp-100-sweeps"
}

Rank 68: val_acc 0.7693
{
    "loss": "cross_entropy",
    "epochs": 20,
    "dataset": "mnist",
    "optimizer": "rmsprop",
    "activation": "relu",
    "batch_size": 64,
    "num_layers": 2,
    "hidden_size": 32,
    "weight_init": "xavier",
    "weight_decay": 0.08,
    "learning_rate": 0.01,
    "wandb_project": "mlp-100-sweeps"
}

Rank 69: val_acc 0.7485
{
    "loss": "cross_entropy",
    "epochs": 25,
    "dataset": "mnist",
    "optimizer": "nag",
    "activation": "sigmoid",
    "batch_size": 16,
    "num_layers": 2,
    "hidden_size": 128,
    "weight_init": "xavier",
    "weight_decay": 0.01,
    "learning_rate": 0.001,
    "wandb_project": "mlp-100-sweeps"
}

Rank 70: val_acc 0.7007
{
    "loss": "cross_entropy",
    "epochs": 15,
    "dataset": "mnist",
    "optimizer": "nag",
    "activation": "tanh",
    "batch_size": 16,
    "num_layers": 3,
    "hidden_size": 128,
    "weight_init": "xavier",
    "weight_decay": 0.04,
    "learning_rate": 0.1,
    "wandb_project": "mlp-100-sweeps"
}

Rank 71: val_acc 0.6450
{
    "loss": "cross_entropy",
    "epochs": 15,
    "dataset": "mnist",
    "optimizer": "rmsprop",
    "activation": "tanh",
    "batch_size": 32,
    "num_layers": 3,
    "hidden_size": 32,
    "weight_init": "xavier",
    "weight_decay": 0.05,
    "learning_rate": 0.01,
    "wandb_project": "mlp-100-sweeps"
}

Rank 72: val_acc 0.5827
{
    "loss": "cross_entropy",
    "epochs": 20,
    "dataset": "mnist",
    "optimizer": "rmsprop",
    "activation": "relu",
    "batch_size": 32,
    "num_layers": 3,
    "hidden_size": 32,
    "weight_init": "xavier",
    "weight_decay": 0.06,
    "learning_rate": 0.01,
    "wandb_project": "mlp-100-sweeps"
}

Rank 73: val_acc 0.3080
{
    "loss": "mse",
    "epochs": 15,
    "dataset": "mnist",
    "optimizer": "sgd",
    "activation": "relu",
    "batch_size": 64,
    "num_layers": 1,
    "hidden_size": 128,
    "weight_init": "random",
    "weight_decay": 0.07,
    "learning_rate": 0.001,
    "wandb_project": "mlp-100-sweeps"
}

Rank 74: val_acc 0.1610
{
    "loss": "mse",
    "epochs": 25,
    "dataset": "mnist",
    "optimizer": "rmsprop",
    "activation": "tanh",
    "batch_size": 32,
    "num_layers": 3,
    "hidden_size": 32,
    "weight_init": "xavier",
    "weight_decay": 0.04,
    "learning_rate": 0.1,
    "wandb_project": "mlp-100-sweeps"
}

Rank 75: val_acc 0.1090
{
    "loss": "cross_entropy",
    "epochs": 25,
    "dataset": "mnist",
    "optimizer": "rmsprop",
    "activation": "relu",
    "batch_size": 64,
    "num_layers": 4,
    "hidden_size": 64,
    "weight_init": "xavier",
    "weight_decay": 0.02,
    "learning_rate": 0.01,
    "wandb_project": "mlp-100-sweeps"
}

Rank 76: val_acc 0.1090
{
    "loss": "mse",
    "epochs": 15,
    "dataset": "mnist",
    "optimizer": "rmsprop",
    "activation": "tanh",
    "batch_size": 16,
    "num_layers": 6,
    "hidden_size": 32,
    "weight_init": "random",
    "weight_decay": 0.02,
    "learning_rate": 0.01,
    "wandb_project": "mlp-100-sweeps"
}

Rank 77: val_acc 0.1090
{
    "loss": "cross_entropy",
    "epochs": 15,
    "dataset": "mnist",
    "optimizer": "rmsprop",
    "activation": "relu",
    "batch_size": 64,
    "num_layers": 1,
    "hidden_size": 64,
    "weight_init": "random",
    "weight_decay": 0.05,
    "learning_rate": 0.1,
    "wandb_project": "mlp-100-sweeps"
}

Rank 78: val_acc 0.1090
{
    "loss": "cross_entropy",
    "epochs": 25,
    "dataset": "mnist",
    "optimizer": "momentum",
    "activation": "tanh",
    "batch_size": 16,
    "num_layers": 3,
    "hidden_size": 128,
    "weight_init": "random",
    "weight_decay": 0.02,
    "learning_rate": 0.1,
    "wandb_project": "mlp-100-sweeps"
}

Rank 79: val_acc 0.1090
{
    "loss": "mse",
    "epochs": 20,
    "dataset": "mnist",
    "optimizer": "nag",
    "activation": "sigmoid",
    "batch_size": 64,
    "num_layers": 2,
    "hidden_size": 128,
    "weight_init": "xavier",
    "weight_decay": 0.08,
    "learning_rate": 0.01,
    "wandb_project": "mlp-100-sweeps"
}

Rank 80: val_acc 0.1090
{
    "loss": "mse",
    "epochs": 15,
    "dataset": "mnist",
    "optimizer": "momentum",
    "activation": "relu",
    "batch_size": 16,
    "num_layers": 3,
    "hidden_size": 128,
    "weight_init": "xavier",
    "weight_decay": 0.06,
    "learning_rate": 0.1,
    "wandb_project": "mlp-100-sweeps"
}

Rank 81: val_acc 0.1090
{
    "loss": "mse",
    "epochs": 20,
    "dataset": "mnist",
    "optimizer": "nag",
    "activation": "sigmoid",
    "batch_size": 64,
    "num_layers": 3,
    "hidden_size": 128,
    "weight_init": "xavier",
    "weight_decay": 0.03,
    "learning_rate": 0.1,
    "wandb_project": "mlp-100-sweeps"
}

Rank 82: val_acc 0.1090
{
    "loss": "mse",
    "epochs": 15,
    "dataset": "mnist",
    "optimizer": "momentum",
    "activation": "sigmoid",
    "batch_size": 32,
    "num_layers": 3,
    "hidden_size": 128,
    "weight_init": "xavier",
    "weight_decay": 0.05,
    "learning_rate": 0.1,
    "wandb_project": "mlp-100-sweeps"
}

Rank 83: val_acc 0.1090
{
    "loss": "cross_entropy",
    "epochs": 15,
    "dataset": "mnist",
    "optimizer": "nag",
    "activation": "tanh",
    "batch_size": 16,
    "num_layers": 3,
    "hidden_size": 64,
    "weight_init": "random",
    "weight_decay": 0.01,
    "learning_rate": 0.1,
    "wandb_project": "mlp-100-sweeps"
}

Rank 84: val_acc 0.1090
{
    "loss": "cross_entropy",
    "epochs": 25,
    "dataset": "mnist",
    "optimizer": "sgd",
    "activation": "sigmoid",
    "batch_size": 32,
    "num_layers": 2,
    "hidden_size": 64,
    "weight_init": "xavier",
    "weight_decay": 0.1,
    "learning_rate": 0.001,
    "wandb_project": "mlp-100-sweeps"
}

Rank 85: val_acc 0.1090
{
    "loss": "mse",
    "epochs": 15,
    "dataset": "mnist",
    "optimizer": "sgd",
    "activation": "sigmoid",
    "batch_size": 64,
    "num_layers": 6,
    "hidden_size": 128,
    "weight_init": "xavier",
    "weight_decay": 0.06,
    "learning_rate": 0.001,
    "wandb_project": "mlp-100-sweeps"
}

Rank 86: val_acc 0.1090
{
    "loss": "mse",
    "epochs": 20,
    "dataset": "mnist",
    "optimizer": "momentum",
    "activation": "sigmoid",
    "batch_size": 16,
    "num_layers": 4,
    "hidden_size": 128,
    "weight_init": "random",
    "weight_decay": 0.09,
    "learning_rate": 0.1,
    "wandb_project": "mlp-100-sweeps"
}

Rank 87: val_acc 0.1090
{
    "loss": "cross_entropy",
    "epochs": 20,
    "dataset": "mnist",
    "optimizer": "rmsprop",
    "activation": "tanh",
    "batch_size": 16,
    "num_layers": 6,
    "hidden_size": 32,
    "weight_init": "random",
    "weight_decay": 0.06,
    "learning_rate": 0.01,
    "wandb_project": "mlp-100-sweeps"
}

Rank 88: val_acc 0.1090
{
    "loss": "cross_entropy",
    "epochs": 15,
    "dataset": "mnist",
    "optimizer": "sgd",
    "activation": "relu",
    "batch_size": 32,
    "num_layers": 5,
    "hidden_size": 32,
    "weight_init": "random",
    "weight_decay": 0.05,
    "learning_rate": 0.01,
    "wandb_project": "mlp-100-sweeps"
}

Rank 89: val_acc 0.1090
{
    "loss": "cross_entropy",
    "epochs": 15,
    "dataset": "mnist",
    "optimizer": "sgd",
    "activation": "sigmoid",
    "batch_size": 64,
    "num_layers": 3,
    "hidden_size": 128,
    "weight_init": "random",
    "weight_decay": 0.1,
    "learning_rate": 0.1,
    "wandb_project": "mlp-100-sweeps"
}

Rank 90: val_acc 0.1090
{
    "loss": "mse",
    "epochs": 15,
    "dataset": "mnist",
    "optimizer": "sgd",
    "activation": "tanh",
    "batch_size": 16,
    "num_layers": 6,
    "hidden_size": 64,
    "weight_init": "xavier",
    "weight_decay": 0.04,
    "learning_rate": 0.1,
    "wandb_project": "mlp-100-sweeps"
}

Rank 91: val_acc 0.1090
{
    "loss": "mse",
    "epochs": 20,
    "dataset": "mnist",
    "optimizer": "sgd",
    "activation": "relu",
    "batch_size": 32,
    "num_layers": 3,
    "hidden_size": 128,
    "weight_init": "random",
    "weight_decay": 0.08,
    "learning_rate": 0.001,
    "wandb_project": "mlp-100-sweeps"
}

Rank 92: val_acc 0.1090
{
    "loss": "mse",
    "epochs": 25,
    "dataset": "mnist",
    "optimizer": "sgd",
    "activation": "tanh",
    "batch_size": 32,
    "num_layers": 6,
    "hidden_size": 32,
    "weight_init": "random",
    "weight_decay": 0.06,
    "learning_rate": 0.1,
    "wandb_project": "mlp-100-sweeps"
}

Rank 93: val_acc 0.1090
{
    "loss": "cross_entropy",
    "epochs": 15,
    "dataset": "mnist",
    "optimizer": "momentum",
    "activation": "relu",
    "batch_size": 64,
    "num_layers": 6,
    "hidden_size": 64,
    "weight_init": "random",
    "weight_decay": 0.07,
    "learning_rate": 0.001,
    "wandb_project": "mlp-100-sweeps"
}

Rank 94: val_acc 0.1090
{
    "loss": "cross_entropy",
    "epochs": 15,
    "dataset": "mnist",
    "optimizer": "rmsprop",
    "activation": "sigmoid",
    "batch_size": 32,
    "num_layers": 6,
    "hidden_size": 32,
    "weight_init": "xavier",
    "weight_decay": 0.04,
    "learning_rate": 0.001,
    "wandb_project": "mlp-100-sweeps"
}

Rank 95: val_acc 0.1090
{
    "loss": "cross_entropy",
    "epochs": 20,
    "dataset": "mnist",
    "optimizer": "sgd",
    "activation": "sigmoid",
    "batch_size": 16,
    "num_layers": 4,
    "hidden_size": 64,
    "weight_init": "random",
    "weight_decay": 0.05,
    "learning_rate": 0.001,
    "wandb_project": "mlp-100-sweeps"
}

Rank 96: val_acc 0.1090
{
    "loss": "cross_entropy",
    "epochs": 25,
    "dataset": "mnist",
    "optimizer": "momentum",
    "activation": "tanh",
    "batch_size": 16,
    "num_layers": 5,
    "hidden_size": 32,
    "weight_init": "xavier",
    "weight_decay": 0.1,
    "learning_rate": 0.001,
    "wandb_project": "mlp-100-sweeps"
}

Rank 97: val_acc 0.1090
{
    "loss": "mse",
    "epochs": 20,
    "dataset": "mnist",
    "optimizer": "nag",
    "activation": "sigmoid",
    "batch_size": 32,
    "num_layers": 3,
    "hidden_size": 128,
    "weight_init": "random",
    "weight_decay": 0.01,
    "learning_rate": 0.1,
    "wandb_project": "mlp-100-sweeps"
}

Rank 98: val_acc 0.1090
{
    "loss": "cross_entropy",
    "epochs": 25,
    "dataset": "mnist",
    "optimizer": "sgd",
    "activation": "tanh",
    "batch_size": 16,
    "num_layers": 5,
    "hidden_size": 64,
    "weight_init": "random",
    "weight_decay": 0,
    "learning_rate": 0.01,
    "wandb_project": "mlp-100-sweeps"
}

Rank 99: val_acc 0.1090
{
    "loss": "mse",
    "epochs": 20,
    "dataset": "mnist",
    "optimizer": "sgd",
    "activation": "relu",
    "batch_size": 64,
    "num_layers": 3,
    "hidden_size": 64,
    "weight_init": "random",
    "weight_decay": 0.02,
    "learning_rate": 0.001,
    "wandb_project": "mlp-100-sweeps"
}

Rank 100: val_acc 0.1090
{
    "loss": "mse",
    "epochs": 15,
    "dataset": "mnist",
    "optimizer": "sgd",
    "activation": "sigmoid",
    "batch_size": 16,
    "num_layers": 2,
    "hidden_size": 32,
    "weight_init": "xavier",
    "weight_decay": 0.06,
    "learning_rate": 0.001,
    "wandb_project": "mlp-100-sweeps"
}

